<?xml version="1.0" encoding="UTF-8"?>
<testng-results skipped="0" failed="0" ignored="0" total="1" passed="1">
  <reporter-output>
  </reporter-output>
  <suite name="testCases.LoginPageTest" duration-ms="15391" started-at="2021-02-14T16:39:28Z" finished-at="2021-02-14T16:39:44Z">
    <groups>
    </groups>
    <test name="Command line test" duration-ms="15391" started-at="2021-02-14T16:39:28Z" finished-at="2021-02-14T16:39:44Z">
      <class name="testCases.LoginPageTest">
        <test-method status="PASS" signature="setUp()[pri:0, instance:testCases.LoginPageTest@13969fbe]" name="setUp" is-config="true" duration-ms="5073" started-at="2021-02-14T16:39:28Z" finished-at="2021-02-14T16:39:33Z">
          <reporter-output>
          </reporter-output>
        </test-method> <!-- setUp -->
        <test-method status="PASS" signature="logintest()[pri:0, instance:testCases.LoginPageTest@13969fbe]" name="logintest" duration-ms="9478" started-at="2021-02-14T16:39:33Z" finished-at="2021-02-14T16:39:43Z">
          <reporter-output>
          </reporter-output>
        </test-method> <!-- logintest -->
        <test-method status="PASS" signature="tearDown()[pri:0, instance:testCases.LoginPageTest@13969fbe]" name="tearDown" is-config="true" duration-ms="802" started-at="2021-02-14T16:39:43Z" finished-at="2021-02-14T16:39:44Z">
          <reporter-output>
          </reporter-output>
        </test-method> <!-- tearDown -->
      </class> <!-- testCases.LoginPageTest -->
    </test> <!-- Command line test -->
  </suite> <!-- testCases.LoginPageTest -->
</testng-results>
